<?xml version="1.0" encoding="UTF-8"?>
<!-- Generated by org.testng.reporters.JUnitXMLReporter -->
<testsuite ignored="0" hostname="DESKTOP-FD05JAM" failures="1" tests="6" name="TestReport" time="58.022" errors="0" timestamp="2025-08-05T23:58:21 IST">
  <testcase classname="testCases.TC_002_Login_TDD" name="login_verify_TDD" time="3.732"/>
  <testcase classname="testCases.TC_002_Login_TDD" name="login_verify_TDD" time="11.355"/>
  <testcase classname="testCases.TC_002_Login_TDD" name="login_verify_TDD" time="11.318"/>
  <testcase classname="testCases.TC_002_Login_TDD" name="login_verify_TDD" time="11.016"/>
  <testcase classname="testCases.TC_002_Login_TDD" name="login_verify_TDD" time="10.353"/>
  <testcase classname="testCases.TC_002_Login_TDD" name="login_verify_TDD" time="3.768">
    <failure type="java.lang.AssertionError" message="expected [true] but found [false]">
      <![CDATA[java.lang.AssertionError: expected [true] but found [false]
at testCases.TC_002_Login_TDD.login_verify_TDD(TC_002_Login_TDD.java:61)
at java.base/java.util.ArrayList.forEach(ArrayList.java:1511)
... Removed 29 stack frames]]>
    </failure>
  </testcase> <!-- login_verify_TDD -->
</testsuite> <!-- TestReport -->
